# JRE version: Java(TM) SE Runtime Environment (17.0.12+8) (build 17.0.12+8-LTS-286)
# Java VM: Java HotSpot(TM) 64-Bit Server VM (17.0.12+8-LTS-286, mixed mode, sharing, tiered, compressed oops, compressed class ptrs, g1 gc, windows-amd64)
GC Precious Log:
 CPUs: 8 total, 8 available
 Memory: 7914M
 Large Page Support: Disabled
 NUMA Support: Disabled
 Compressed Oops: Enabled (32-bit)
 Heap Region Size: 1M
 Heap Min Capacity: 8M
 Heap Initial Capacity: 124M
 Heap Max Capacity: 1980M
 Pre-touch: Disabled
 Parallel Workers: 8
 Concurrent Workers: 2
 Concurrent Refinement Workers: 8
 Periodic GC: Disabled
Heap:
 garbage-first heap   total 99328K, used 41000K [0x0000000084400000, 0x0000000100000000)
  region size 1024K, 2 young (2048K), 1 survivors (1024K)
 Metaspace       used 77141K, committed 77696K, reserved 1179648K
  class space    used 10114K, committed 10368K, reserved 1048576K
GC Heap History (20 events):
Event: 11185.667 GC heap before
{Heap before GC invocations=78 (full 2):
 garbage-first heap   total 99328K, used 81504K [0x0000000084400000, 0x0000000100000000)
  region size 1024K, 52 young (53248K), 6 survivors (6144K)
 Metaspace       used 76441K, committed 77056K, reserved 1179648K
  class space    used 10073K, committed 10368K, reserved 1048576K
}
Event: 11185.678 GC heap after
{Heap after GC invocations=79 (full 2):
 garbage-first heap   total 99328K, used 36577K [0x0000000084400000, 0x0000000100000000)
  region size 1024K, 4 young (4096K), 4 survivors (4096K)
 Metaspace       used 76441K, committed 77056K, reserved 1179648K
  class space    used 10073K, committed 10368K, reserved 1048576K
}
Event: 11185.896 GC heap before
{Heap before GC invocations=79 (full 2):
 garbage-first heap   total 99328K, used 79585K [0x0000000084400000, 0x0000000100000000)
  region size 1024K, 46 young (47104K), 4 survivors (4096K)
 Metaspace       used 76898K, committed 77440K, reserved 1179648K
  class space    used 10104K, committed 10368K, reserved 1048576K
}
Event: 11185.902 GC heap after
{Heap after GC invocations=80 (full 2):
 garbage-first heap   total 99328K, used 38639K [0x0000000084400000, 0x0000000100000000)
  region size 1024K, 2 young (2048K), 2 survivors (2048K)
 Metaspace       used 76898K, committed 77440K, reserved 1179648K
  class space    used 10104K, committed 10368K, reserved 1048576K
}
Event: 11232.952 GC heap before
{Heap before GC invocations=81 (full 2):
 garbage-first heap   total 99328K, used 79599K [0x0000000084400000, 0x0000000100000000)
  region size 1024K, 42 young (43008K), 2 survivors (2048K)
 Metaspace       used 77117K, committed 77696K, reserved 1179648K
  class space    used 10117K, committed 10432K, reserved 1048576K
}
Event: 11232.956 GC heap after
{Heap after GC invocations=82 (full 2):
 garbage-first heap   total 99328K, used 41337K [0x0000000084400000, 0x0000000100000000)
  region size 1024K, 5 young (5120K), 5 survivors (5120K)
 Metaspace       used 77117K, committed 77696K, reserved 1179648K
  class space    used 10117K, committed 10432K, reserved 1048576K
}
Event: 11572.147 GC heap before
{Heap before GC invocations=82 (full 2):
 garbage-first heap   total 99328K, used 79225K [0x0000000084400000, 0x0000000100000000)
  region size 1024K, 42 young (43008K), 5 survivors (5120K)
 Metaspace       used 77117K, committed 77696K, reserved 1179648K
  class space    used 10117K, committed 10432K, reserved 1048576K
}
Event: 11572.157 GC heap after
{Heap after GC invocations=83 (full 2):
 garbage-first heap   total 99328K, used 41547K [0x0000000084400000, 0x0000000100000000)
  region size 1024K, 4 young (4096K), 4 survivors (4096K)
 Metaspace       used 77117K, committed 77696K, reserved 1179648K
  class space    used 10117K, committed 10432K, reserved 1048576K
}
Event: 11916.887 GC heap before
{Heap before GC invocations=84 (full 2):
 garbage-first heap   total 99328K, used 80459K [0x0000000084400000, 0x0000000100000000)
  region size 1024K, 42 young (43008K), 4 survivors (4096K)
 Metaspace       used 77114K, committed 77696K, reserved 1179648K
  class space    used 10116K, committed 10432K, reserved 1048576K
}
Event: 11916.902 GC heap after
{Heap after GC invocations=85 (full 2):
 garbage-first heap   total 99328K, used 41429K [0x0000000084400000, 0x0000000100000000)
  region size 1024K, 4 young (4096K), 4 survivors (4096K)
 Metaspace       used 77114K, committed 77696K, reserved 1179648K
  class space    used 10116K, committed 10432K, reserved 1048576K
}
Event: 11925.081 GC heap before
{Heap before GC invocations=85 (full 2):
 garbage-first heap   total 99328K, used 42453K [0x0000000084400000, 0x0000000100000000)
  region size 1024K, 5 young (5120K), 4 survivors (4096K)
 Metaspace       used 77114K, committed 77696K, reserved 1179648K
  class space    used 10116K, committed 10432K, reserved 1048576K
}
Event: 11925.095 GC heap after
{Heap after GC invocations=86 (full 2):
 garbage-first heap   total 99328K, used 41262K [0x0000000084400000, 0x0000000100000000)
  region size 1024K, 1 young (1024K), 1 survivors (1024K)
 Metaspace       used 77114K, committed 77696K, reserved 1179648K
  class space    used 10116K, committed 10432K, reserved 1048576K
}
Event: 12288.784 GC heap before
{Heap before GC invocations=86 (full 2):
 garbage-first heap   total 99328K, used 82222K [0x0000000084400000, 0x0000000100000000)
  region size 1024K, 41 young (41984K), 1 survivors (1024K)
 Metaspace       used 77114K, committed 77696K, reserved 1179648K
  class space    used 10116K, committed 10432K, reserved 1048576K
}
Event: 12288.791 GC heap after
{Heap after GC invocations=87 (full 2):
 garbage-first heap   total 99328K, used 40849K [0x0000000084400000, 0x0000000100000000)
  region size 1024K, 1 young (1024K), 1 survivors (1024K)
 Metaspace       used 77114K, committed 77696K, reserved 1179648K
  class space    used 10116K, committed 10432K, reserved 1048576K
}
Event: 12659.422 GC heap before
{Heap before GC invocations=88 (full 2):
 garbage-first heap   total 99328K, used 82833K [0x0000000084400000, 0x0000000100000000)
  region size 1024K, 42 young (43008K), 1 survivors (1024K)
 Metaspace       used 77098K, committed 77632K, reserved 1179648K
  class space    used 10114K, committed 10368K, reserved 1048576K
}
Event: 12659.424 GC heap after
{Heap after GC invocations=89 (full 2):
 garbage-first heap   total 99328K, used 40798K [0x0000000084400000, 0x0000000100000000)
  region size 1024K, 1 young (1024K), 1 survivors (1024K)
 Metaspace       used 77098K, committed 77632K, reserved 1179648K
  class space    used 10114K, committed 10368K, reserved 1048576K
}
Event: 12687.025 GC heap before
{Heap before GC invocations=89 (full 2):
 garbage-first heap   total 99328K, used 43870K [0x0000000084400000, 0x0000000100000000)
  region size 1024K, 4 young (4096K), 1 survivors (1024K)
 Metaspace       used 77098K, committed 77632K, reserved 1179648K
  class space    used 10114K, committed 10368K, reserved 1048576K
}
Event: 12687.031 GC heap after
{Heap after GC invocations=90 (full 2):
 garbage-first heap   total 99328K, used 40188K [0x0000000084400000, 0x0000000100000000)
  region size 1024K, 1 young (1024K), 1 survivors (1024K)
 Metaspace       used 77098K, committed 77632K, reserved 1179648K
  class space    used 10114K, committed 10368K, reserved 1048576K
}
Event: 13018.383 GC heap before
{Heap before GC invocations=90 (full 2):
 garbage-first heap   total 99328K, used 84220K [0x0000000084400000, 0x0000000100000000)
  region size 1024K, 44 young (45056K), 1 survivors (1024K)
 Metaspace       used 77141K, committed 77696K, reserved 1179648K
  class space    used 10114K, committed 10368K, reserved 1048576K
}
Event: 13018.385 GC heap after
{Heap after GC invocations=91 (full 2):
 garbage-first heap   total 99328K, used 41000K [0x0000000084400000, 0x0000000100000000)
  region size 1024K, 1 young (1024K), 1 survivors (1024K)
 Metaspace       used 77141K, committed 77696K, reserved 1179648K
  class space    used 10114K, committed 10368K, reserved 1048576K
}

